e:\library\test1\test3\main\debug\main.pch
e:\library\test1\test3\main\debug\vc142.pdb
e:\library\test1\test3\main\debug\vc142.idb
e:\library\test1\test3\main\debug\pch.obj
e:\library\test1\test3\main\debug\maindlg.obj
e:\library\test1\test3\main\debug\main.obj
e:\library\test1\test3\main\debug\gethttp.obj
e:\library\test1\test3\main\debug\chatclient.obj
e:\library\test1\debug\main.exe
e:\library\test1\test3\main\debug\main.ilk
e:\library\test1\debug\main.pdb
e:\library\test1\test3\main\debug\main.res
e:\library\test1\test3\main\debug\main.tlog\cl.command.1.tlog
e:\library\test1\test3\main\debug\main.tlog\cl.read.1.tlog
e:\library\test1\test3\main\debug\main.tlog\cl.write.1.tlog
e:\library\test1\test3\main\debug\main.tlog\link.command.1.tlog
e:\library\test1\test3\main\debug\main.tlog\link.read.1.tlog
e:\library\test1\test3\main\debug\main.tlog\link.write.1.tlog
e:\library\test1\test3\main\debug\main.tlog\rc.command.1.tlog
e:\library\test1\test3\main\debug\main.tlog\rc.read.1.tlog
e:\library\test1\test3\main\debug\main.tlog\rc.write.1.tlog
